<?xml version="1.0" encoding="UTF-8"?>
<coverage generated="1665893263060" clover="3.2.0">
  <project timestamp="1665893263060" name="All files">
    <metrics statements="44" coveredstatements="42" conditionals="18" coveredconditionals="14" methods="5" coveredmethods="5" elements="67" coveredelements="61" complexity="0" loc="44" ncloc="44" packages="2" files="4" classes="4"/>
    <package name="js">
      <metrics statements="24" coveredstatements="24" conditionals="2" coveredconditionals="2" methods="3" coveredmethods="3"/>
      <file name="Hashing.js" path="C:\Users\DELL\Desktop\Semester_5\SWT\Presentation\hashing-unit-jest\js\Hashing.js">
        <metrics statements="22" coveredstatements="22" conditionals="2" coveredconditionals="2" methods="2" coveredmethods="2"/>
        <line num="3" count="11" type="stmt"/>
        <line num="4" count="11" type="stmt"/>
        <line num="5" count="11" type="stmt"/>
        <line num="7" count="11" type="stmt"/>
        <line num="9" count="172" type="stmt"/>
        <line num="15" count="11" type="stmt"/>
        <line num="17" count="11" type="stmt"/>
        <line num="18" count="11" type="stmt"/>
        <line num="23" count="11" type="stmt"/>
        <line num="24" count="11" type="stmt"/>
        <line num="25" count="11" type="stmt"/>
        <line num="26" count="172" type="stmt"/>
        <line num="31" count="11" type="stmt"/>
        <line num="32" count="11" type="stmt"/>
        <line num="33" count="11" type="stmt"/>
        <line num="34" count="172" type="stmt"/>
        <line num="37" count="11" type="stmt"/>
        <line num="38" count="172" type="cond" truecount="2" falsecount="0"/>
        <line num="42" count="40" type="stmt"/>
        <line num="43" count="11" type="stmt"/>
        <line num="45" count="1" type="stmt"/>
        <line num="48" count="1" type="stmt"/>
      </file>
      <file name="sum.js" path="C:\Users\DELL\Desktop\Semester_5\SWT\Presentation\hashing-unit-jest\js\sum.js">
        <metrics statements="2" coveredstatements="2" conditionals="0" coveredconditionals="0" methods="1" coveredmethods="1"/>
        <line num="2" count="1" type="stmt"/>
        <line num="4" count="1" type="stmt"/>
      </file>
    </package>
    <package name="js.components">
      <metrics statements="20" coveredstatements="18" conditionals="16" coveredconditionals="12" methods="2" coveredmethods="2"/>
      <file name="BruteForce.js" path="C:\Users\DELL\Desktop\Semester_5\SWT\Presentation\hashing-unit-jest\js\components\BruteForce.js">
        <metrics statements="10" coveredstatements="8" conditionals="6" coveredconditionals="3" methods="1" coveredmethods="1"/>
        <line num="3" count="10" type="stmt"/>
        <line num="4" count="10" type="stmt"/>
        <line num="5" count="168" type="cond" truecount="2" falsecount="0"/>
        <line num="6" count="39" type="stmt"/>
        <line num="7" count="39" type="stmt"/>
        <line num="8" count="0" type="cond" truecount="0" falsecount="2"/>
        <line num="9" count="0" type="stmt"/>
        <line num="10" count="39" type="cond" truecount="1" falsecount="1"/>
        <line num="12" count="10" type="stmt"/>
        <line num="14" count="1" type="stmt"/>
      </file>
      <file name="GenerateRandomString.js" path="C:\Users\DELL\Desktop\Semester_5\SWT\Presentation\hashing-unit-jest\js\components\GenerateRandomString.js">
        <metrics statements="10" coveredstatements="10" conditionals="10" coveredconditionals="9" methods="1" coveredmethods="1"/>
        <line num="3" count="20" type="stmt"/>
        <line num="4" count="20" type="stmt"/>
        <line num="5" count="178" type="stmt"/>
        <line num="6" count="178" type="cond" truecount="2" falsecount="0"/>
        <line num="7" count="145" type="cond" truecount="2" falsecount="0"/>
        <line num="8" count="111" type="cond" truecount="2" falsecount="0"/>
        <line num="9" count="72" type="cond" truecount="2" falsecount="0"/>
        <line num="10" count="33" type="cond" truecount="1" falsecount="1"/>
        <line num="12" count="20" type="stmt"/>
        <line num="15" count="1" type="stmt"/>
      </file>
    </package>
  </project>
</coverage>
