{"C:\\Users\\DELL\\Desktop\\Semester_5\\SWT\\Presentation\\hashing-unit-jest\\js\\Hashing.js": {"path":"C:\\Users\\DELL\\Desktop\\Semester_5\\SWT\\Presentation\\hashing-unit-jest\\js\\Hashing.js","statementMap":{"0":{"start":{"line":3,"column":21},"end":{"line":3,"column":23}},"1":{"start":{"line":4,"column":15},"end":{"line":4,"column":17}},"2":{"start":{"line":5,"column":14},"end":{"line":5,"column":23}},"3":{"start":{"line":7,"column":18},"end":{"line":13,"column":3}},"4":{"start":{"line":9,"column":4},"end":{"line":12,"column":6}},"5":{"start":{"line":15,"column":26},"end":{"line":15,"column":27}},"6":{"start":{"line":17,"column":2},"end":{"line":20,"column":10}},"7":{"start":{"line":17,"column":15},"end":{"line":17,"column":16}},"8":{"start":{"line":18,"column":4},"end":{"line":20,"column":10}},"9":{"start":{"line":23,"column":23},"end":{"line":23,"column":25}},"10":{"start":{"line":24,"column":2},"end":{"line":24,"column":24}},"11":{"start":{"line":25,"column":2},"end":{"line":28,"column":10}},"12":{"start":{"line":25,"column":15},"end":{"line":25,"column":16}},"13":{"start":{"line":26,"column":4},"end":{"line":28,"column":10}},"14":{"start":{"line":31,"column":12},"end":{"line":31,"column":14}},"15":{"start":{"line":32,"column":2},"end":{"line":32,"column":13}},"16":{"start":{"line":33,"column":2},"end":{"line":34,"column":39}},"17":{"start":{"line":33,"column":15},"end":{"line":33,"column":16}},"18":{"start":{"line":34,"column":4},"end":{"line":34,"column":39}},"19":{"start":{"line":37,"column":2},"end":{"line":42,"column":27}},"20":{"start":{"line":37,"column":15},"end":{"line":37,"column":16}},"21":{"start":{"line":38,"column":4},"end":{"line":42,"column":27}},"22":{"start":{"line":42,"column":6},"end":{"line":42,"column":27}},"23":{"start":{"line":43,"column":2},"end":{"line":43,"column":22}},"24":{"start":{"line":45,"column":0},"end":{"line":47,"column":1}},"25":{"start":{"line":48,"column":0},"end":{"line":48,"column":25}}},"fnMap":{"0":{"name":"Hashing","decl":{"start":{"line":2,"column":9},"end":{"line":2,"column":16}},"loc":{"start":{"line":2,"column":43},"end":{"line":44,"column":1}},"line":2},"1":{"name":"(anonymous_1)","decl":{"start":{"line":7,"column":18},"end":{"line":7,"column":19}},"loc":{"start":{"line":7,"column":55},"end":{"line":13,"column":3}},"line":7}},"branchMap":{"0":{"loc":{"start":{"line":38,"column":4},"end":{"line":42,"column":27}},"type":"if","locations":[{"start":{"line":38,"column":4},"end":{"line":42,"column":27}},{"start":{},"end":{}}],"line":38}},"s":{"0":11,"1":11,"2":11,"3":11,"4":172,"5":11,"6":11,"7":11,"8":11,"9":11,"10":11,"11":11,"12":11,"13":172,"14":11,"15":11,"16":11,"17":11,"18":172,"19":11,"20":11,"21":172,"22":40,"23":11,"24":1,"25":1},"f":{"0":11,"1":172},"b":{"0":[40,132]},"_coverageSchema":"1a1c01bbd47fc00a2c39e90264f33305004495a9","hash":"13a6b1e7c049be64c2f6c8b5a393da40f1346ac6"}
,"C:\\Users\\DELL\\Desktop\\Semester_5\\SWT\\Presentation\\hashing-unit-jest\\js\\sum.js": {"path":"C:\\Users\\DELL\\Desktop\\Semester_5\\SWT\\Presentation\\hashing-unit-jest\\js\\sum.js","statementMap":{"0":{"start":{"line":2,"column":4},"end":{"line":2,"column":17}},"1":{"start":{"line":4,"column":0},"end":{"line":4,"column":21}}},"fnMap":{"0":{"name":"sum","decl":{"start":{"line":1,"column":9},"end":{"line":1,"column":12}},"loc":{"start":{"line":1,"column":18},"end":{"line":3,"column":1}},"line":1}},"branchMap":{},"s":{"0":1,"1":1},"f":{"0":1},"b":{},"_coverageSchema":"1a1c01bbd47fc00a2c39e90264f33305004495a9","hash":"c1289fa24ca80aaabe61e8dd6abefbbe48a4e147"}
,"C:\\Users\\DELL\\Desktop\\Semester_5\\SWT\\Presentation\\hashing-unit-jest\\js\\components\\BruteForce.js": {"path":"C:\\Users\\DELL\\Desktop\\Semester_5\\SWT\\Presentation\\hashing-unit-jest\\js\\components\\BruteForce.js","statementMap":{"0":{"start":{"line":3,"column":23},"end":{"line":3,"column":25}},"1":{"start":{"line":4,"column":4},"end":{"line":11,"column":9}},"2":{"start":{"line":4,"column":17},"end":{"line":4,"column":18}},"3":{"start":{"line":5,"column":8},"end":{"line":11,"column":9}},"4":{"start":{"line":6,"column":24},"end":{"line":6,"column":28}},"5":{"start":{"line":7,"column":12},"end":{"line":9,"column":34}},"6":{"start":{"line":7,"column":25},"end":{"line":7,"column":26}},"7":{"start":{"line":8,"column":16},"end":{"line":9,"column":34}},"8":{"start":{"line":9,"column":20},"end":{"line":9,"column":34}},"9":{"start":{"line":10,"column":12},"end":{"line":10,"column":48}},"10":{"start":{"line":10,"column":23},"end":{"line":10,"column":48}},"11":{"start":{"line":12,"column":4},"end":{"line":12,"column":24}},"12":{"start":{"line":14,"column":0},"end":{"line":14,"column":28}}},"fnMap":{"0":{"name":"BruteForce","decl":{"start":{"line":2,"column":9},"end":{"line":2,"column":19}},"loc":{"start":{"line":2,"column":46},"end":{"line":13,"column":1}},"line":2}},"branchMap":{"0":{"loc":{"start":{"line":5,"column":8},"end":{"line":11,"column":9}},"type":"if","locations":[{"start":{"line":5,"column":8},"end":{"line":11,"column":9}},{"start":{},"end":{}}],"line":5},"1":{"loc":{"start":{"line":8,"column":16},"end":{"line":9,"column":34}},"type":"if","locations":[{"start":{"line":8,"column":16},"end":{"line":9,"column":34}},{"start":{},"end":{}}],"line":8},"2":{"loc":{"start":{"line":10,"column":12},"end":{"line":10,"column":48}},"type":"if","locations":[{"start":{"line":10,"column":12},"end":{"line":10,"column":48}},{"start":{},"end":{}}],"line":10}},"s":{"0":10,"1":10,"2":10,"3":168,"4":39,"5":39,"6":39,"7":0,"8":0,"9":39,"10":39,"11":10,"12":1},"f":{"0":10},"b":{"0":[39,129],"1":[0,0],"2":[39,0]},"_coverageSchema":"1a1c01bbd47fc00a2c39e90264f33305004495a9","hash":"4a06d7c8a422ba0acee42c7470192b8dbe26da51"}
,"C:\\Users\\DELL\\Desktop\\Semester_5\\SWT\\Presentation\\hashing-unit-jest\\js\\components\\GenerateRandomString.js": {"path":"C:\\Users\\DELL\\Desktop\\Semester_5\\SWT\\Presentation\\hashing-unit-jest\\js\\components\\GenerateRandomString.js","statementMap":{"0":{"start":{"line":3,"column":15},"end":{"line":3,"column":17}},"1":{"start":{"line":4,"column":2},"end":{"line":11,"column":3}},"2":{"start":{"line":4,"column":15},"end":{"line":4,"column":16}},"3":{"start":{"line":5,"column":13},"end":{"line":5,"column":42}},"4":{"start":{"line":6,"column":4},"end":{"line":10,"column":38}},"5":{"start":{"line":6,"column":19},"end":{"line":6,"column":33}},"6":{"start":{"line":7,"column":9},"end":{"line":10,"column":38}},"7":{"start":{"line":7,"column":24},"end":{"line":7,"column":38}},"8":{"start":{"line":8,"column":9},"end":{"line":10,"column":38}},"9":{"start":{"line":8,"column":24},"end":{"line":8,"column":38}},"10":{"start":{"line":9,"column":9},"end":{"line":10,"column":38}},"11":{"start":{"line":9,"column":24},"end":{"line":9,"column":38}},"12":{"start":{"line":10,"column":9},"end":{"line":10,"column":38}},"13":{"start":{"line":10,"column":24},"end":{"line":10,"column":38}},"14":{"start":{"line":12,"column":2},"end":{"line":12,"column":16}},"15":{"start":{"line":15,"column":0},"end":{"line":15,"column":38}}},"fnMap":{"0":{"name":"generateRandomString","decl":{"start":{"line":2,"column":9},"end":{"line":2,"column":29}},"loc":{"start":{"line":2,"column":43},"end":{"line":13,"column":1}},"line":2}},"branchMap":{"0":{"loc":{"start":{"line":6,"column":4},"end":{"line":10,"column":38}},"type":"if","locations":[{"start":{"line":6,"column":4},"end":{"line":10,"column":38}},{"start":{"line":7,"column":9},"end":{"line":10,"column":38}}],"line":6},"1":{"loc":{"start":{"line":7,"column":9},"end":{"line":10,"column":38}},"type":"if","locations":[{"start":{"line":7,"column":9},"end":{"line":10,"column":38}},{"start":{"line":8,"column":9},"end":{"line":10,"column":38}}],"line":7},"2":{"loc":{"start":{"line":8,"column":9},"end":{"line":10,"column":38}},"type":"if","locations":[{"start":{"line":8,"column":9},"end":{"line":10,"column":38}},{"start":{"line":9,"column":9},"end":{"line":10,"column":38}}],"line":8},"3":{"loc":{"start":{"line":9,"column":9},"end":{"line":10,"column":38}},"type":"if","locations":[{"start":{"line":9,"column":9},"end":{"line":10,"column":38}},{"start":{"line":10,"column":9},"end":{"line":10,"column":38}}],"line":9},"4":{"loc":{"start":{"line":10,"column":9},"end":{"line":10,"column":38}},"type":"if","locations":[{"start":{"line":10,"column":9},"end":{"line":10,"column":38}},{"start":{},"end":{}}],"line":10}},"s":{"0":20,"1":20,"2":20,"3":178,"4":178,"5":33,"6":145,"7":34,"8":111,"9":39,"10":72,"11":39,"12":33,"13":33,"14":20,"15":1},"f":{"0":20},"b":{"0":[33,145],"1":[34,111],"2":[39,72],"3":[39,33],"4":[33,0]},"_coverageSchema":"1a1c01bbd47fc00a2c39e90264f33305004495a9","hash":"2cefbbacaba01e71cba12ce6a6514a8092e4fd13"}
}
