TN:
SF:js\Hashing.js
FN:2,Hashing
FN:7,(anonymous_1)
FNF:2
FNH:2
FNDA:11,Hashing
FNDA:172,(anonymous_1)
DA:3,11
DA:4,11
DA:5,11
DA:7,11
DA:9,172
DA:15,11
DA:17,11
DA:18,11
DA:23,11
DA:24,11
DA:25,11
DA:26,172
DA:31,11
DA:32,11
DA:33,11
DA:34,172
DA:37,11
DA:38,172
DA:42,40
DA:43,11
DA:45,1
DA:48,1
LF:22
LH:22
BRDA:38,0,0,40
BRDA:38,0,1,132
BRF:2
BRH:2
end_of_record
TN:
SF:js\sum.js
FN:1,sum
FNF:1
FNH:1
FNDA:1,sum
DA:2,1
DA:4,1
LF:2
LH:2
BRF:0
BRH:0
end_of_record
TN:
SF:js\components\BruteForce.js
FN:2,BruteForce
FNF:1
FNH:1
FNDA:10,BruteForce
DA:3,10
DA:4,10
DA:5,168
DA:6,39
DA:7,39
DA:8,0
DA:9,0
DA:10,39
DA:12,10
DA:14,1
LF:10
LH:8
BRDA:5,0,0,39
BRDA:5,0,1,129
BRDA:8,1,0,0
BRDA:8,1,1,0
BRDA:10,2,0,39
BRDA:10,2,1,0
BRF:6
BRH:3
end_of_record
TN:
SF:js\components\GenerateRandomString.js
FN:2,generateRandomString
FNF:1
FNH:1
FNDA:20,generateRandomString
DA:3,20
DA:4,20
DA:5,178
DA:6,178
DA:7,145
DA:8,111
DA:9,72
DA:10,33
DA:12,20
DA:15,1
LF:10
LH:10
BRDA:6,0,0,33
BRDA:6,0,1,145
BRDA:7,1,0,34
BRDA:7,1,1,111
BRDA:8,2,0,39
BRDA:8,2,1,72
BRDA:9,3,0,39
BRDA:9,3,1,33
BRDA:10,4,0,33
BRDA:10,4,1,0
BRF:10
BRH:9
end_of_record
